F:\SD\EMNI\DX-BALL\SD LAB\IGRAPHIC1.2VS10\DEBUG\IGRAPHIC1.2VS10.EXE
F:\SD\EMNI\DX-BALL\SD LAB\IGRAPHIC1.2VS10\DEBUG\IGRAPHIC1.2VS10.ILK
F:\SD\EMNI\DX-BALL\SD LAB\IGRAPHIC1.2VS10\DEBUG\IGRAPHIC1.2VS10.PDB
F:\sd\Emni\DX-BALL\SD lab\iGraphic1.2VS10\iGraphic1.2VS10\Debug\cl.command.1.tlog
F:\sd\Emni\DX-BALL\SD lab\iGraphic1.2VS10\iGraphic1.2VS10\Debug\CL.read.1.tlog
F:\sd\Emni\DX-BALL\SD lab\iGraphic1.2VS10\iGraphic1.2VS10\Debug\CL.write.1.tlog
F:\sd\Emni\DX-BALL\SD lab\iGraphic1.2VS10\iGraphic1.2VS10\Debug\iGraphic1.2VS10.exe.embed.manifest
F:\SD\EMNI\DX-BALL\SD LAB\IGRAPHIC1.2VS10\IGRAPHIC1.2VS10\DEBUG\IGRAPHIC1.2VS10.EXE.EMBED.MANIFEST.RES
F:\SD\EMNI\DX-BALL\SD LAB\IGRAPHIC1.2VS10\IGRAPHIC1.2VS10\DEBUG\IGRAPHIC1.2VS10.EXE.INTERMEDIATE.MANIFEST
F:\sd\Emni\DX-BALL\SD lab\iGraphic1.2VS10\iGraphic1.2VS10\Debug\iGraphic1.2VS10.vcxprojResolveAssemblyReference.cache
F:\sd\Emni\DX-BALL\SD lab\iGraphic1.2VS10\iGraphic1.2VS10\Debug\iGraphic1.2VS10.write.1.tlog
F:\sd\Emni\DX-BALL\SD lab\iGraphic1.2VS10\iGraphic1.2VS10\Debug\iGraphic1.2VS10_manifest.rc
F:\SD\EMNI\DX-BALL\SD LAB\IGRAPHIC1.2VS10\IGRAPHIC1.2VS10\DEBUG\IMAIN.OBJ
F:\sd\Emni\DX-BALL\SD lab\iGraphic1.2VS10\iGraphic1.2VS10\Debug\link.1876.read.1.tlog
F:\sd\Emni\DX-BALL\SD lab\iGraphic1.2VS10\iGraphic1.2VS10\Debug\link.1876.write.1.tlog
F:\sd\Emni\DX-BALL\SD lab\iGraphic1.2VS10\iGraphic1.2VS10\Debug\link.1876-cvtres.read.1.tlog
F:\sd\Emni\DX-BALL\SD lab\iGraphic1.2VS10\iGraphic1.2VS10\Debug\link.1876-cvtres.write.1.tlog
F:\sd\Emni\DX-BALL\SD lab\iGraphic1.2VS10\iGraphic1.2VS10\Debug\link.7988.read.1.tlog
F:\sd\Emni\DX-BALL\SD lab\iGraphic1.2VS10\iGraphic1.2VS10\Debug\link.7988.write.1.tlog
F:\sd\Emni\DX-BALL\SD lab\iGraphic1.2VS10\iGraphic1.2VS10\Debug\link.7988-cvtres.read.1.tlog
F:\sd\Emni\DX-BALL\SD lab\iGraphic1.2VS10\iGraphic1.2VS10\Debug\link.7988-cvtres.write.1.tlog
F:\sd\Emni\DX-BALL\SD lab\iGraphic1.2VS10\iGraphic1.2VS10\Debug\link.9616.read.1.tlog
F:\sd\Emni\DX-BALL\SD lab\iGraphic1.2VS10\iGraphic1.2VS10\Debug\link.9616.write.1.tlog
F:\sd\Emni\DX-BALL\SD lab\iGraphic1.2VS10\iGraphic1.2VS10\Debug\link.9616-cvtres.read.1.tlog
F:\sd\Emni\DX-BALL\SD lab\iGraphic1.2VS10\iGraphic1.2VS10\Debug\link.9616-cvtres.write.1.tlog
F:\sd\Emni\DX-BALL\SD lab\iGraphic1.2VS10\iGraphic1.2VS10\Debug\link.9772.read.1.tlog
F:\sd\Emni\DX-BALL\SD lab\iGraphic1.2VS10\iGraphic1.2VS10\Debug\link.9772.write.1.tlog
F:\sd\Emni\DX-BALL\SD lab\iGraphic1.2VS10\iGraphic1.2VS10\Debug\link.9772-cvtres.read.1.tlog
F:\sd\Emni\DX-BALL\SD lab\iGraphic1.2VS10\iGraphic1.2VS10\Debug\link.9772-cvtres.write.1.tlog
F:\sd\Emni\DX-BALL\SD lab\iGraphic1.2VS10\iGraphic1.2VS10\Debug\link.command.1.tlog
F:\sd\Emni\DX-BALL\SD lab\iGraphic1.2VS10\iGraphic1.2VS10\Debug\link.read.1.tlog
F:\sd\Emni\DX-BALL\SD lab\iGraphic1.2VS10\iGraphic1.2VS10\Debug\link.write.1.tlog
F:\sd\Emni\DX-BALL\SD lab\iGraphic1.2VS10\iGraphic1.2VS10\Debug\link-cvtres.read.1.tlog
F:\sd\Emni\DX-BALL\SD lab\iGraphic1.2VS10\iGraphic1.2VS10\Debug\link-cvtres.write.1.tlog
F:\sd\Emni\DX-BALL\SD lab\iGraphic1.2VS10\iGraphic1.2VS10\Debug\mt.command.1.tlog
F:\sd\Emni\DX-BALL\SD lab\iGraphic1.2VS10\iGraphic1.2VS10\Debug\mt.read.1.tlog
F:\sd\Emni\DX-BALL\SD lab\iGraphic1.2VS10\iGraphic1.2VS10\Debug\mt.write.1.tlog
F:\sd\Emni\DX-BALL\SD lab\iGraphic1.2VS10\iGraphic1.2VS10\Debug\rc.command.1.tlog
F:\sd\Emni\DX-BALL\SD lab\iGraphic1.2VS10\iGraphic1.2VS10\Debug\rc.read.1.tlog
F:\sd\Emni\DX-BALL\SD lab\iGraphic1.2VS10\iGraphic1.2VS10\Debug\rc.write.1.tlog
F:\sd\Emni\DX-BALL\SD lab\iGraphic1.2VS10\iGraphic1.2VS10\Debug\vc100.idb
F:\SD\EMNI\DX-BALL\SD LAB\IGRAPHIC1.2VS10\IGRAPHIC1.2VS10\DEBUG\VC100.PDB
F:\SD\EMNI\TEST\SD LAB\IGRAPHIC1.2VS10\DEBUG\IGRAPHIC1.2VS10.EXE
F:\SD\EMNI\TEST\SD LAB\IGRAPHIC1.2VS10\DEBUG\IGRAPHIC1.2VS10.ILK
F:\SD\EMNI\TEST\SD LAB\IGRAPHIC1.2VS10\DEBUG\IGRAPHIC1.2VS10.PDB
F:\SD\EMNI\TEST\SD LAB\IGRAPHIC1.2VS10\IGRAPHIC1.2VS10\DEBUG\IGRAPHIC1.2VS10.EXE.EMBED.MANIFEST
F:\SD\EMNI\TEST\SD LAB\IGRAPHIC1.2VS10\IGRAPHIC1.2VS10\DEBUG\IGRAPHIC1.2VS10.EXE.EMBED.MANIFEST.RES
F:\SD\EMNI\TEST\SD LAB\IGRAPHIC1.2VS10\IGRAPHIC1.2VS10\DEBUG\IGRAPHIC1.2VS10.EXE.INTERMEDIATE.MANIFEST
F:\SD\EMNI\TEST\SD LAB\IGRAPHIC1.2VS10\IGRAPHIC1.2VS10\DEBUG\IMAIN.OBJ
F:\SD\EMNI\TEST\SD LAB\IGRAPHIC1.2VS10\IGRAPHIC1.2VS10\DEBUG\VC100.PDB
